{"total": {"lines":{"total":193,"covered":143,"skipped":0,"pct":74.09},"statements":{"total":229,"covered":157,"skipped":0,"pct":68.55},"functions":{"total":69,"covered":45,"skipped":0,"pct":65.21},"branches":{"total":201,"covered":110,"skipped":0,"pct":54.72},"branchesTrue":{"total":0,"covered":0,"skipped":0,"pct":100}}
,"C:\\Users\\su\\WebstormProjects\\SkyLink\\web\\src\\components\\easy-tier\\EasyTierIntroAlert.vue": {"lines":{"total":3,"covered":0,"skipped":0,"pct":0},"functions":{"total":2,"covered":0,"skipped":0,"pct":0},"statements":{"total":3,"covered":0,"skipped":0,"pct":0},"branches":{"total":6,"covered":0,"skipped":0,"pct":0}}
,"C:\\Users\\su\\WebstormProjects\\SkyLink\\web\\src\\components\\easy-tier\\EasyTierProfilesCard.vue": {"lines":{"total":12,"covered":0,"skipped":0,"pct":0},"functions":{"total":11,"covered":0,"skipped":0,"pct":0},"statements":{"total":15,"covered":0,"skipped":0,"pct":0},"branches":{"total":16,"covered":0,"skipped":0,"pct":0}}
,"C:\\Users\\su\\WebstormProjects\\SkyLink\\web\\src\\components\\easy-tier\\EasyTierTopCards.vue": {"lines":{"total":11,"covered":10,"skipped":0,"pct":90.9},"functions":{"total":10,"covered":9,"skipped":0,"pct":90},"statements":{"total":11,"covered":10,"skipped":0,"pct":90.9},"branches":{"total":20,"covered":17,"skipped":0,"pct":85}}
,"C:\\Users\\su\\WebstormProjects\\SkyLink\\web\\src\\composables\\easyTier\\cliRawParser.ts": {"lines":{"total":52,"covered":42,"skipped":0,"pct":80.76},"functions":{"total":30,"covered":24,"skipped":0,"pct":80},"statements":{"total":64,"covered":45,"skipped":0,"pct":70.31},"branches":{"total":51,"covered":27,"skipped":0,"pct":52.94}}
,"C:\\Users\\su\\WebstormProjects\\SkyLink\\web\\src\\composables\\easyTier\\useEasyTierStatusQueries.ts": {"lines":{"total":62,"covered":52,"skipped":0,"pct":83.87},"functions":{"total":7,"covered":6,"skipped":0,"pct":85.71},"statements":{"total":65,"covered":52,"skipped":0,"pct":80},"branches":{"total":41,"covered":21,"skipped":0,"pct":51.21}}
,"C:\\Users\\su\\WebstormProjects\\SkyLink\\web\\src\\utils\\apiError.ts": {"lines":{"total":16,"covered":14,"skipped":0,"pct":87.5},"functions":{"total":3,"covered":3,"skipped":0,"pct":100},"statements":{"total":23,"covered":20,"skipped":0,"pct":86.95},"branches":{"total":25,"covered":22,"skipped":0,"pct":88}}
,"C:\\Users\\su\\WebstormProjects\\SkyLink\\web\\src\\utils\\apiRequestPath.ts": {"lines":{"total":11,"covered":10,"skipped":0,"pct":90.9},"functions":{"total":1,"covered":1,"skipped":0,"pct":100},"statements":{"total":15,"covered":13,"skipped":0,"pct":86.66},"branches":{"total":12,"covered":11,"skipped":0,"pct":91.66}}
,"C:\\Users\\su\\WebstormProjects\\SkyLink\\web\\src\\utils\\storage.ts": {"lines":{"total":26,"covered":15,"skipped":0,"pct":57.69},"functions":{"total":5,"covered":2,"skipped":0,"pct":40},"statements":{"total":33,"covered":17,"skipped":0,"pct":51.51},"branches":{"total":30,"covered":12,"skipped":0,"pct":40}}
}
