{"total": {"lines":{"total":53,"covered":39,"skipped":0,"pct":73.58},"statements":{"total":71,"covered":50,"skipped":0,"pct":70.42},"functions":{"total":9,"covered":6,"skipped":0,"pct":66.66},"branches":{"total":67,"covered":45,"skipped":0,"pct":67.16},"branchesTrue":{"total":0,"covered":0,"skipped":0,"pct":"Unknown"}}
,"C:\\Users\\su\\WebstormProjects\\SkyLink\\web\\src\\utils\\apiError.ts": {"lines":{"total":16,"covered":14,"skipped":0,"pct":87.5},"functions":{"total":3,"covered":3,"skipped":0,"pct":100},"statements":{"total":23,"covered":20,"skipped":0,"pct":86.95},"branches":{"total":25,"covered":22,"skipped":0,"pct":88}}
,"C:\\Users\\su\\WebstormProjects\\SkyLink\\web\\src\\utils\\apiRequestPath.ts": {"lines":{"total":11,"covered":10,"skipped":0,"pct":90.9},"functions":{"total":1,"covered":1,"skipped":0,"pct":100},"statements":{"total":15,"covered":13,"skipped":0,"pct":86.66},"branches":{"total":12,"covered":11,"skipped":0,"pct":91.66}}
,"C:\\Users\\su\\WebstormProjects\\SkyLink\\web\\src\\utils\\storage.ts": {"lines":{"total":26,"covered":15,"skipped":0,"pct":57.69},"functions":{"total":5,"covered":2,"skipped":0,"pct":40},"statements":{"total":33,"covered":17,"skipped":0,"pct":51.51},"branches":{"total":30,"covered":12,"skipped":0,"pct":40}}
}
