TN:
SF:src\utils\apiError.ts
FN:3,messageFromResponseData
FN:16,getApiErrorMessage
FN:27,isSilentAxiosError
FNF:3
FNH:3
FNDA:4,messageFromResponseData
FNDA:7,getApiErrorMessage
FNDA:2,isSilentAxiosError
DA:4,4
DA:5,3
DA:6,3
DA:7,3
DA:8,3
DA:9,1
DA:10,0
DA:17,7
DA:18,4
DA:19,4
DA:20,1
DA:21,0
DA:23,3
DA:24,2
DA:28,2
DA:29,2
LF:16
LH:14
BRDA:4,0,0,1
BRDA:4,0,1,3
BRDA:4,1,0,4
BRDA:4,1,1,3
BRDA:8,2,0,2
BRDA:8,2,1,1
BRDA:8,3,0,3
BRDA:8,3,1,2
BRDA:9,4,0,1
BRDA:9,4,1,0
BRDA:9,5,0,1
BRDA:9,5,1,1
BRDA:16,6,0,7
BRDA:17,7,0,4
BRDA:17,7,1,3
BRDA:19,8,0,3
BRDA:19,8,1,1
BRDA:20,9,0,1
BRDA:20,9,1,0
BRDA:23,10,0,1
BRDA:23,10,1,2
BRDA:23,11,0,3
BRDA:23,11,1,1
BRDA:28,12,0,0
BRDA:28,12,1,2
BRF:25
BRH:22
end_of_record
TN:
SF:src\utils\apiRequestPath.ts
FN:5,apiRequestPath
FNF:1
FNH:1
FNDA:4,apiRequestPath
DA:6,4
DA:7,4
DA:8,3
DA:9,1
DA:10,1
DA:12,0
DA:15,3
DA:16,3
DA:17,3
DA:18,3
DA:19,3
LF:11
LH:10
BRDA:6,0,0,4
BRDA:6,0,1,1
BRDA:7,1,0,1
BRDA:7,1,1,3
BRDA:8,2,0,1
BRDA:8,2,1,2
BRDA:16,3,0,1
BRDA:16,3,1,2
BRDA:17,4,0,2
BRDA:17,4,1,1
BRDA:18,5,0,0
BRDA:18,5,1,3
BRF:12
BRH:11
end_of_record
TN:
SF:src\utils\storage.ts
FN:5,gbToBytes
FN:11,bytesToGbForInput
FN:18,formatBytesAsG
FN:27,formatBytes
FN:41,percentUsed
FNF:5
FNH:2
FNDA:0,gbToBytes
FNDA:0,bytesToGbForInput
FNDA:0,formatBytesAsG
FNDA:3,formatBytes
FNDA:3,percentUsed
DA:2,1
DA:6,0
DA:7,0
DA:12,0
DA:13,0
DA:14,0
DA:19,0
DA:20,0
DA:21,0
DA:22,0
DA:23,0
DA:24,0
DA:28,3
DA:29,3
DA:30,2
DA:31,2
DA:32,2
DA:33,2
DA:34,2
DA:35,2
DA:37,2
DA:38,3
DA:44,3
DA:45,3
DA:46,2
DA:47,3
LF:26
LH:15
BRDA:6,0,0,0
BRDA:6,0,1,0
BRDA:6,1,0,0
BRDA:6,1,1,0
BRDA:12,2,0,0
BRDA:12,2,1,0
BRDA:13,3,0,0
BRDA:13,3,1,0
BRDA:19,4,0,0
BRDA:19,4,1,0
BRDA:20,5,0,0
BRDA:20,5,1,0
BRDA:22,6,0,0
BRDA:22,6,1,0
BRDA:23,7,0,0
BRDA:23,7,1,0
BRDA:28,8,0,3
BRDA:28,8,1,1
BRDA:29,9,0,1
BRDA:29,9,1,2
BRDA:33,10,0,2
BRDA:33,10,1,2
BRDA:37,11,0,0
BRDA:37,11,1,2
BRDA:44,12,0,3
BRDA:44,12,1,1
BRDA:45,13,0,1
BRDA:45,13,1,2
BRDA:46,14,0,2
BRDA:46,14,1,0
BRF:30
BRH:12
end_of_record
