TN:
SF:src\components\easy-tier\EasyTierIntroAlert.vue
FN:3,(anonymous_0)
FN:4,(anonymous_1)
FNF:2
FNH:0
FNDA:0,(anonymous_0)
FNDA:0,(anonymous_1)
DA:2,0
DA:3,0
DA:6,0
LF:3
LH:0
BRDA:3,0,0,0
BRDA:3,0,1,0
BRDA:6,1,0,0
BRDA:6,1,1,0
BRDA:6,2,0,0
BRDA:6,2,1,0
BRF:6
BRH:0
end_of_record
TN:
SF:src\components\easy-tier\EasyTierProfilesCard.vue
FN:37,onProfileChange
FN:3,(anonymous_1)
FN:4,(anonymous_2)
FN:5,(anonymous_3)
FN:11,(anonymous_4)
FN:12,(anonymous_5)
FN:12,(anonymous_6)
FN:13,(anonymous_7)
FN:13,(anonymous_8)
FN:14,(anonymous_9)
FN:14,(anonymous_10)
FNF:11
FNH:0
FNDA:0,onProfileChange
FNDA:0,(anonymous_1)
FNDA:0,(anonymous_2)
FNDA:0,(anonymous_3)
FNDA:0,(anonymous_4)
FNDA:0,(anonymous_5)
FNDA:0,(anonymous_6)
FNDA:0,(anonymous_7)
FNDA:0,(anonymous_8)
FNDA:0,(anonymous_9)
FNDA:0,(anonymous_10)
DA:2,0
DA:5,0
DA:10,0
DA:11,0
DA:12,0
DA:13,0
DA:14,0
DA:15,0
DA:22,0
DA:23,0
DA:30,0
DA:38,0
LF:12
LH:0
BRDA:5,0,0,0
BRDA:5,0,1,0
BRDA:11,1,0,0
BRDA:11,1,1,0
BRDA:12,2,0,0
BRDA:12,2,1,0
BRDA:12,3,0,0
BRDA:12,3,1,0
BRDA:13,4,0,0
BRDA:13,4,1,0
BRDA:13,5,0,0
BRDA:13,5,1,0
BRDA:14,6,0,0
BRDA:14,6,1,0
BRDA:14,7,0,0
BRDA:14,7,1,0
BRF:16
BRH:0
end_of_record
TN:
SF:src\components\easy-tier\EasyTierTopCards.vue
FN:2,(anonymous_0)
FN:8,(anonymous_1)
FN:9,(anonymous_2)
FN:13,(anonymous_3)
FN:25,(anonymous_4)
FN:26,(anonymous_5)
FN:27,(anonymous_6)
FN:28,(anonymous_7)
FN:29,(anonymous_8)
FN:30,(anonymous_9)
FNF:10
FNH:9
FNDA:0,(anonymous_0)
FNDA:1,(anonymous_1)
FNDA:1,(anonymous_2)
FNDA:1,(anonymous_3)
FNDA:1,(anonymous_4)
FNDA:1,(anonymous_5)
FNDA:1,(anonymous_6)
FNDA:1,(anonymous_7)
FNDA:1,(anonymous_8)
FNDA:1,(anonymous_9)
DA:3,0
DA:9,1
DA:13,1
DA:15,1
DA:25,1
DA:26,1
DA:27,1
DA:28,1
DA:29,1
DA:30,1
DA:49,1
LF:11
LH:10
BRDA:2,0,0,0
BRDA:3,1,0,0
BRDA:3,1,1,0
BRDA:7,2,0,1
BRDA:9,3,0,1
BRDA:9,3,1,1
BRDA:13,4,0,1
BRDA:13,4,1,1
BRDA:25,5,0,1
BRDA:25,5,1,1
BRDA:26,6,0,1
BRDA:26,6,1,1
BRDA:27,7,0,1
BRDA:27,7,1,1
BRDA:28,8,0,1
BRDA:28,8,1,1
BRDA:29,9,0,1
BRDA:29,9,1,1
BRDA:30,10,0,1
BRDA:30,10,1,1
BRF:20
BRH:17
end_of_record
TN:
SF:src\composables\easyTier\cliRawParser.ts
FN:22,parseCliPeerTable
FN:25,(anonymous_1)
FN:26,(anonymous_2)
FN:30,(anonymous_3)
FN:33,(anonymous_4)
FN:35,(anonymous_5)
FN:57,getCliPeerSummary
FN:61,(anonymous_7)
FN:62,(anonymous_8)
FN:64,(anonymous_9)
FN:65,(anonymous_10)
FN:67,(anonymous_11)
FN:77,splitMarkdownRow
FN:81,(anonymous_13)
FN:84,isSeparatorRow
FN:87,(anonymous_15)
FN:90,normalizeHeader
FN:94,pickColumns
FN:95,(anonymous_18)
FN:101,(anonymous_19)
FN:102,(anonymous_20)
FN:103,(anonymous_21)
FN:104,(anonymous_22)
FN:105,(anonymous_23)
FN:106,(anonymous_24)
FN:107,(anonymous_25)
FN:108,(anonymous_26)
FN:109,(anonymous_27)
FN:110,(anonymous_28)
FN:114,parseLatencyMs
FNF:30
FNH:24
FNDA:1,parseCliPeerTable
FNDA:3,(anonymous_1)
FNDA:3,(anonymous_2)
FNDA:10,(anonymous_3)
FNDA:1,(anonymous_4)
FNDA:1,(anonymous_5)
FNDA:0,getCliPeerSummary
FNDA:0,(anonymous_7)
FNDA:0,(anonymous_8)
FNDA:0,(anonymous_9)
FNDA:0,(anonymous_10)
FNDA:0,(anonymous_11)
FNDA:3,splitMarkdownRow
FNDA:30,(anonymous_13)
FNDA:1,isSeparatorRow
FNDA:1,(anonymous_15)
FNDA:10,normalizeHeader
FNDA:1,pickColumns
FNDA:10,(anonymous_18)
FNDA:1,(anonymous_19)
FNDA:2,(anonymous_20)
FNDA:3,(anonymous_21)
FNDA:4,(anonymous_22)
FNDA:5,(anonymous_23)
FNDA:6,(anonymous_24)
FNDA:7,(anonymous_25)
FNDA:8,(anonymous_26)
FNDA:9,(anonymous_27)
FNDA:10,(anonymous_28)
FNDA:1,parseLatencyMs
DA:23,1
DA:25,3
DA:26,3
DA:27,1
DA:29,1
DA:30,10
DA:31,1
DA:33,1
DA:34,1
DA:35,1
DA:36,1
DA:37,1
DA:38,1
DA:39,1
DA:54,1
DA:58,0
DA:59,0
DA:61,0
DA:62,0
DA:63,0
DA:64,0
DA:65,0
DA:66,0
DA:67,0
DA:69,0
DA:78,3
DA:81,30
DA:85,1
DA:86,1
DA:87,1
DA:91,10
DA:95,1
DA:96,10
DA:97,10
DA:98,10
DA:100,1
DA:101,1
DA:102,2
DA:103,3
DA:104,4
DA:105,5
DA:106,6
DA:107,7
DA:108,8
DA:109,9
DA:110,10
DA:115,1
DA:116,1
DA:117,1
DA:118,1
DA:119,1
DA:120,1
LF:52
LH:42
BRDA:26,0,0,3
BRDA:26,0,1,3
BRDA:27,1,0,0
BRDA:27,1,1,1
BRDA:31,2,0,0
BRDA:31,2,1,1
BRDA:37,3,0,0
BRDA:37,3,1,1
BRDA:40,4,0,1
BRDA:40,4,1,0
BRDA:41,5,0,1
BRDA:41,5,1,0
BRDA:42,6,0,1
BRDA:42,6,1,0
BRDA:43,7,0,1
BRDA:43,7,1,0
BRDA:45,8,0,1
BRDA:45,8,1,0
BRDA:46,9,0,1
BRDA:46,9,1,0
BRDA:47,10,0,1
BRDA:47,10,1,0
BRDA:48,11,0,1
BRDA:48,11,1,0
BRDA:49,12,0,1
BRDA:49,12,1,0
BRDA:50,13,0,1
BRDA:50,13,1,0
BRDA:58,14,0,0
BRDA:58,14,1,0
BRDA:66,15,0,0
BRDA:66,15,1,0
BRDA:86,16,0,0
BRDA:86,16,1,1
BRDA:97,17,0,0
BRDA:97,17,1,10
BRDA:98,18,0,10
BRDA:98,18,1,0
BRDA:104,19,0,4
BRDA:104,19,1,3
BRDA:104,19,2,3
BRDA:115,20,0,1
BRDA:115,20,1,0
BRDA:116,21,0,0
BRDA:116,21,1,1
BRDA:116,22,0,1
BRDA:116,22,1,1
BRDA:118,23,0,0
BRDA:118,23,1,1
BRDA:120,24,0,1
BRDA:120,24,1,0
BRF:51
BRH:27
end_of_record
TN:
SF:src\composables\easyTier\useEasyTierStatusQueries.ts
FN:12,useEasyTierStatusQueries
FN:40,(anonymous_1)
FN:45,(anonymous_2)
FN:47,loadStatus
FN:72,checkUpdate
FN:87,useLatestVersion
FN:94,loadCliRaw
FNF:7
FNH:6
FNDA:2,useEasyTierStatusQueries
FNDA:1,(anonymous_1)
FNDA:0,(anonymous_2)
FNDA:1,loadStatus
FNDA:1,checkUpdate
FNDA:1,useLatestVersion
FNDA:1,loadCliRaw
DA:13,2
DA:14,2
DA:15,2
DA:26,2
DA:27,2
DA:34,2
DA:35,2
DA:36,2
DA:37,2
DA:38,2
DA:40,2
DA:41,1
DA:42,1
DA:43,1
DA:45,2
DA:48,1
DA:49,1
DA:50,1
DA:51,1
DA:52,1
DA:53,1
DA:54,1
DA:55,1
DA:56,1
DA:57,1
DA:58,1
DA:59,1
DA:60,1
DA:62,0
DA:63,0
DA:64,0
DA:65,0
DA:66,0
DA:68,1
DA:73,1
DA:74,1
DA:75,1
DA:76,1
DA:77,1
DA:78,1
DA:79,1
DA:83,1
DA:88,1
DA:89,1
DA:90,1
DA:95,1
DA:96,1
DA:97,1
DA:98,1
DA:99,1
DA:100,1
DA:104,1
DA:105,0
DA:106,0
DA:108,1
DA:109,1
DA:110,1
DA:111,0
DA:114,0
DA:115,0
DA:117,1
DA:121,2
LF:62
LH:52
BRDA:41,0,0,0
BRDA:41,0,1,1
BRDA:42,1,0,0
BRDA:42,1,1,1
BRDA:52,2,0,1
BRDA:52,2,1,0
BRDA:53,3,0,1
BRDA:53,3,1,1
BRDA:54,4,0,1
BRDA:54,4,1,1
BRDA:55,5,0,1
BRDA:55,5,1,0
BRDA:56,6,0,1
BRDA:56,6,1,0
BRDA:57,7,0,1
BRDA:57,7,1,0
BRDA:58,8,0,1
BRDA:58,8,1,0
BRDA:59,9,0,1
BRDA:59,9,1,0
BRDA:76,10,0,1
BRDA:76,10,1,0
BRDA:77,11,0,1
BRDA:77,11,1,0
BRDA:79,12,0,1
BRDA:79,12,1,0
BRDA:88,13,0,1
BRDA:88,13,1,0
BRDA:104,14,0,0
BRDA:104,14,1,1
BRDA:104,15,0,1
BRDA:104,15,1,0
BRDA:108,16,0,1
BRDA:108,16,1,0
BRDA:109,17,0,1
BRDA:109,17,1,0
BRDA:110,18,0,0
BRDA:110,18,1,1
BRDA:115,19,0,0
BRDA:115,19,1,0
BRDA:115,19,2,0
BRF:41
BRH:21
end_of_record
TN:
SF:src\utils\apiError.ts
FN:3,messageFromResponseData
FN:16,getApiErrorMessage
FN:27,isSilentAxiosError
FNF:3
FNH:3
FNDA:4,messageFromResponseData
FNDA:7,getApiErrorMessage
FNDA:2,isSilentAxiosError
DA:4,4
DA:5,3
DA:6,3
DA:7,3
DA:8,3
DA:9,1
DA:10,0
DA:17,7
DA:18,4
DA:19,4
DA:20,1
DA:21,0
DA:23,3
DA:24,2
DA:28,2
DA:29,2
LF:16
LH:14
BRDA:4,0,0,1
BRDA:4,0,1,3
BRDA:4,1,0,4
BRDA:4,1,1,3
BRDA:8,2,0,2
BRDA:8,2,1,1
BRDA:8,3,0,3
BRDA:8,3,1,2
BRDA:9,4,0,1
BRDA:9,4,1,0
BRDA:9,5,0,1
BRDA:9,5,1,1
BRDA:16,6,0,7
BRDA:17,7,0,4
BRDA:17,7,1,3
BRDA:19,8,0,3
BRDA:19,8,1,1
BRDA:20,9,0,1
BRDA:20,9,1,0
BRDA:23,10,0,1
BRDA:23,10,1,2
BRDA:23,11,0,3
BRDA:23,11,1,1
BRDA:28,12,0,0
BRDA:28,12,1,2
BRF:25
BRH:22
end_of_record
TN:
SF:src\utils\apiRequestPath.ts
FN:5,apiRequestPath
FNF:1
FNH:1
FNDA:4,apiRequestPath
DA:6,4
DA:7,4
DA:8,3
DA:9,1
DA:10,1
DA:12,0
DA:15,3
DA:16,3
DA:17,3
DA:18,3
DA:19,3
LF:11
LH:10
BRDA:6,0,0,4
BRDA:6,0,1,1
BRDA:7,1,0,1
BRDA:7,1,1,3
BRDA:8,2,0,1
BRDA:8,2,1,2
BRDA:16,3,0,1
BRDA:16,3,1,2
BRDA:17,4,0,2
BRDA:17,4,1,1
BRDA:18,5,0,0
BRDA:18,5,1,3
BRF:12
BRH:11
end_of_record
TN:
SF:src\utils\storage.ts
FN:5,gbToBytes
FN:11,bytesToGbForInput
FN:18,formatBytesAsG
FN:27,formatBytes
FN:41,percentUsed
FNF:5
FNH:2
FNDA:0,gbToBytes
FNDA:0,bytesToGbForInput
FNDA:0,formatBytesAsG
FNDA:3,formatBytes
FNDA:3,percentUsed
DA:2,1
DA:6,0
DA:7,0
DA:12,0
DA:13,0
DA:14,0
DA:19,0
DA:20,0
DA:21,0
DA:22,0
DA:23,0
DA:24,0
DA:28,3
DA:29,3
DA:30,2
DA:31,2
DA:32,2
DA:33,2
DA:34,2
DA:35,2
DA:37,2
DA:38,3
DA:44,3
DA:45,3
DA:46,2
DA:47,3
LF:26
LH:15
BRDA:6,0,0,0
BRDA:6,0,1,0
BRDA:6,1,0,0
BRDA:6,1,1,0
BRDA:12,2,0,0
BRDA:12,2,1,0
BRDA:13,3,0,0
BRDA:13,3,1,0
BRDA:19,4,0,0
BRDA:19,4,1,0
BRDA:20,5,0,0
BRDA:20,5,1,0
BRDA:22,6,0,0
BRDA:22,6,1,0
BRDA:23,7,0,0
BRDA:23,7,1,0
BRDA:28,8,0,3
BRDA:28,8,1,1
BRDA:29,9,0,1
BRDA:29,9,1,2
BRDA:33,10,0,2
BRDA:33,10,1,2
BRDA:37,11,0,0
BRDA:37,11,1,2
BRDA:44,12,0,3
BRDA:44,12,1,1
BRDA:45,13,0,1
BRDA:45,13,1,2
BRDA:46,14,0,2
BRDA:46,14,1,0
BRF:30
BRH:12
end_of_record
